2021-07-23 13:22:58,013 [Worker-0: Loading available Gradle versions] INFO  o.e.b.c.i.u.g.PublishedGradleVersions - Gradle version information cache is up-to-date. Trying to read.
2021-07-23 13:23:24,296 [Worker-7: Updating Maven Dependencies] INFO  o.e.m.c.i.l.LifecycleMappingFactory - Using org.eclipse.m2e.jdt.JarLifecycleMapping lifecycle mapping for MavenProject: fr.dawan:dacomparator-api:1.0 @ C:\Users\Admin stagiaire.DESKTOP-8967908\Documents\Dawan-JS\Mise en situation\dwcomparator-api-g2\DaComparator\dacomparator-api\pom.xml.
2021-07-23 13:23:24,296 [Worker-8: Building] INFO  o.e.m.c.i.l.LifecycleMappingFactory - Using org.eclipse.m2e.jdt.JarLifecycleMapping lifecycle mapping for MavenProject: fr.dawan:dacomparator-api:1.0 @ C:\Users\Admin stagiaire.DESKTOP-8967908\Documents\Dawan-JS\Mise en situation\dwcomparator-api-g2\DaComparator\dacomparator-api\pom.xml.
2021-07-23 13:23:36,241 [Worker-8: Building] INFO  o.e.m.c.i.embedder.EclipseLogger - Using 'UTF-8' encoding to copy filtered resources.
2021-07-23 13:23:36,267 [Worker-8: Building] INFO  o.e.m.c.i.embedder.EclipseLogger - Copying 1 resource
2021-07-23 13:23:36,323 [Worker-8: Building] INFO  o.e.m.c.i.embedder.EclipseLogger - Copying 0 resource
2021-07-23 13:23:36,326 [Worker-8: Building] INFO  o.e.m.c.i.embedder.EclipseLogger - Using 'UTF-8' encoding to copy filtered resources.
2021-07-23 13:23:36,326 [Worker-8: Building] INFO  o.e.m.c.i.embedder.EclipseLogger - skip non existing resourceDirectory C:\Users\Admin stagiaire.DESKTOP-8967908\Documents\Dawan-JS\Mise en situation\dwcomparator-api-g2\DaComparator\dacomparator-api\src\test\resources
2021-07-23 13:23:38,321 [Worker-6: Updating Maven Dependencies] INFO  o.e.m.c.i.l.LifecycleMappingFactory - Using org.eclipse.m2e.jdt.JarLifecycleMapping lifecycle mapping for MavenProject: fr.dawan:dacomparator-api:1.0 @ C:\Users\Admin stagiaire.DESKTOP-8967908\Documents\Dawan-JS\Mise en situation\dwcomparator-api-g2\DaComparator\dacomparator-api\pom.xml.
2021-07-23 13:23:38,327 [Worker-1: Building] INFO  o.e.m.c.i.embedder.EclipseLogger - Using 'UTF-8' encoding to copy filtered resources.
2021-07-23 13:23:38,354 [Worker-1: Building] INFO  o.e.m.c.i.embedder.EclipseLogger - Copying 1 resource
2021-07-23 13:23:38,367 [Worker-1: Building] INFO  o.e.m.c.i.embedder.EclipseLogger - Copying 0 resource
2021-07-23 13:23:38,370 [Worker-1: Building] INFO  o.e.m.c.i.embedder.EclipseLogger - Using 'UTF-8' encoding to copy filtered resources.
2021-07-23 13:23:38,370 [Worker-1: Building] INFO  o.e.m.c.i.embedder.EclipseLogger - skip non existing resourceDirectory C:\Users\Admin stagiaire.DESKTOP-8967908\Documents\Dawan-JS\Mise en situation\dwcomparator-api-g2\DaComparator\dacomparator-api\src\test\resources
2021-07-23 13:23:40,437 [Worker-4: Building] INFO  o.e.m.c.i.embedder.EclipseLogger - Using 'UTF-8' encoding to copy filtered resources.
2021-07-23 13:23:40,438 [Worker-4: Building] INFO  o.e.m.c.i.embedder.EclipseLogger - Copying 1 resource
2021-07-23 13:23:40,450 [Worker-4: Building] INFO  o.e.m.c.i.embedder.EclipseLogger - Copying 0 resource
2021-07-23 13:23:40,453 [Worker-4: Building] INFO  o.e.m.c.i.embedder.EclipseLogger - Using 'UTF-8' encoding to copy filtered resources.
2021-07-23 13:23:40,453 [Worker-4: Building] INFO  o.e.m.c.i.embedder.EclipseLogger - skip non existing resourceDirectory C:\Users\Admin stagiaire.DESKTOP-8967908\Documents\Dawan-JS\Mise en situation\dwcomparator-api-g2\DaComparator\dacomparator-api\src\test\resources
2021-07-23 16:30:55,332 [Worker-24: Building] INFO  o.e.m.c.i.embedder.EclipseLogger - Using 'UTF-8' encoding to copy filtered resources.
2021-07-23 16:30:55,334 [Worker-24: Building] INFO  o.e.m.c.i.embedder.EclipseLogger - Copying 0 resource
2021-07-23 16:30:55,334 [Worker-24: Building] INFO  o.e.m.c.i.embedder.EclipseLogger - Copying 0 resource
2021-07-23 16:30:55,337 [Worker-24: Building] INFO  o.e.m.c.i.embedder.EclipseLogger - Using 'UTF-8' encoding to copy filtered resources.
2021-07-23 16:30:55,337 [Worker-24: Building] INFO  o.e.m.c.i.embedder.EclipseLogger - skip non existing resourceDirectory C:\Users\Admin stagiaire.DESKTOP-8967908\Documents\Dawan-JS\Mise en situation\dwcomparator-api-g2\DaComparator\dacomparator-api\src\test\resources
2021-07-26 14:32:58,311 [Worker-0: Loading available Gradle versions] INFO  o.e.b.c.i.u.g.PublishedGradleVersions - Gradle version information cache is out-of-date. Trying to update.
2021-07-27 09:12:05,398 [Worker-1: Loading available Gradle versions] INFO  o.e.b.c.i.u.g.PublishedGradleVersions - Gradle version information cache is up-to-date. Trying to read.
2021-07-27 09:12:39,282 [Worker-4: Launching dacomparator-api - DaComparatorApiApplication] INFO  o.e.m.c.i.embedder.EclipseLogger - Using 'UTF-8' encoding to copy filtered resources.
2021-07-27 09:12:39,292 [Worker-4: Launching dacomparator-api - DaComparatorApiApplication] INFO  o.e.m.c.i.embedder.EclipseLogger - Copying 1 resource
2021-07-27 09:12:39,382 [Worker-4: Launching dacomparator-api - DaComparatorApiApplication] INFO  o.e.m.c.i.embedder.EclipseLogger - Copying 0 resource
2021-07-27 09:12:39,389 [Worker-4: Launching dacomparator-api - DaComparatorApiApplication] INFO  o.e.m.c.i.embedder.EclipseLogger - Using 'UTF-8' encoding to copy filtered resources.
2021-07-27 09:12:39,390 [Worker-4: Launching dacomparator-api - DaComparatorApiApplication] INFO  o.e.m.c.i.embedder.EclipseLogger - skip non existing resourceDirectory C:\Users\Admin stagiaire.DESKTOP-8967908\Documents\Dawan-JS\Mise en situation\dwcomparator-api-g2\DaComparator\dacomparator-api\src\test\resources
2021-07-27 15:45:24,482 [Worker-16: Building] INFO  o.e.m.c.i.embedder.EclipseLogger - Using 'UTF-8' encoding to copy filtered resources.
2021-07-27 15:45:24,497 [Worker-16: Building] INFO  o.e.m.c.i.embedder.EclipseLogger - Copying 1 resource
2021-07-27 15:45:24,505 [Worker-16: Building] INFO  o.e.m.c.i.embedder.EclipseLogger - Copying 0 resource
2021-07-27 15:45:24,507 [Worker-16: Building] INFO  o.e.m.c.i.embedder.EclipseLogger - Using 'UTF-8' encoding to copy filtered resources.
2021-07-27 15:45:24,507 [Worker-16: Building] INFO  o.e.m.c.i.embedder.EclipseLogger - skip non existing resourceDirectory C:\Users\Admin stagiaire.DESKTOP-8967908\Documents\Dawan-JS\Mise en situation\dwcomparator-api-g2\DaComparator\dacomparator-api\src\test\resources
2021-07-27 15:45:29,982 [Worker-20: Building] INFO  o.e.m.c.i.embedder.EclipseLogger - Using 'UTF-8' encoding to copy filtered resources.
2021-07-27 15:45:29,983 [Worker-20: Building] INFO  o.e.m.c.i.embedder.EclipseLogger - Copying 1 resource
2021-07-27 15:45:29,985 [Worker-20: Building] INFO  o.e.m.c.i.embedder.EclipseLogger - Copying 0 resource
2021-07-27 15:45:29,986 [Worker-20: Building] INFO  o.e.m.c.i.embedder.EclipseLogger - Using 'UTF-8' encoding to copy filtered resources.
2021-07-27 15:45:29,986 [Worker-20: Building] INFO  o.e.m.c.i.embedder.EclipseLogger - skip non existing resourceDirectory C:\Users\Admin stagiaire.DESKTOP-8967908\Documents\Dawan-JS\Mise en situation\dwcomparator-api-g2\DaComparator\dacomparator-api\src\test\resources
2021-07-27 15:48:03,744 [Worker-20: Building] INFO  o.e.m.c.i.embedder.EclipseLogger - Using 'UTF-8' encoding to copy filtered resources.
2021-07-27 15:48:03,744 [Worker-20: Building] INFO  o.e.m.c.i.embedder.EclipseLogger - Copying 1 resource
2021-07-27 15:48:03,746 [Worker-20: Building] INFO  o.e.m.c.i.embedder.EclipseLogger - Copying 0 resource
2021-07-27 15:48:03,748 [Worker-20: Building] INFO  o.e.m.c.i.embedder.EclipseLogger - Using 'UTF-8' encoding to copy filtered resources.
2021-07-27 15:48:03,749 [Worker-20: Building] INFO  o.e.m.c.i.embedder.EclipseLogger - skip non existing resourceDirectory C:\Users\Admin stagiaire.DESKTOP-8967908\Documents\Dawan-JS\Mise en situation\dwcomparator-api-g2\DaComparator\dacomparator-api\src\test\resources
2021-07-27 15:48:08,339 [Worker-16: Building] INFO  o.e.m.c.i.embedder.EclipseLogger - Using 'UTF-8' encoding to copy filtered resources.
2021-07-27 15:48:08,340 [Worker-16: Building] INFO  o.e.m.c.i.embedder.EclipseLogger - Copying 1 resource
2021-07-27 15:48:08,341 [Worker-16: Building] INFO  o.e.m.c.i.embedder.EclipseLogger - Copying 0 resource
2021-07-27 15:48:08,343 [Worker-16: Building] INFO  o.e.m.c.i.embedder.EclipseLogger - Using 'UTF-8' encoding to copy filtered resources.
2021-07-27 15:48:08,343 [Worker-16: Building] INFO  o.e.m.c.i.embedder.EclipseLogger - skip non existing resourceDirectory C:\Users\Admin stagiaire.DESKTOP-8967908\Documents\Dawan-JS\Mise en situation\dwcomparator-api-g2\DaComparator\dacomparator-api\src\test\resources
2021-07-27 15:49:10,659 [Worker-22: Building] INFO  o.e.m.c.i.embedder.EclipseLogger - Using 'UTF-8' encoding to copy filtered resources.
2021-07-27 15:49:10,659 [Worker-22: Building] INFO  o.e.m.c.i.embedder.EclipseLogger - Copying 1 resource
2021-07-27 15:49:10,661 [Worker-22: Building] INFO  o.e.m.c.i.embedder.EclipseLogger - Copying 0 resource
2021-07-27 15:49:10,663 [Worker-22: Building] INFO  o.e.m.c.i.embedder.EclipseLogger - Using 'UTF-8' encoding to copy filtered resources.
2021-07-27 15:49:10,663 [Worker-22: Building] INFO  o.e.m.c.i.embedder.EclipseLogger - skip non existing resourceDirectory C:\Users\Admin stagiaire.DESKTOP-8967908\Documents\Dawan-JS\Mise en situation\dwcomparator-api-g2\DaComparator\dacomparator-api\src\test\resources
2021-07-27 15:49:37,302 [Worker-20: Building] INFO  o.e.m.c.i.embedder.EclipseLogger - Using 'UTF-8' encoding to copy filtered resources.
2021-07-27 15:49:37,303 [Worker-20: Building] INFO  o.e.m.c.i.embedder.EclipseLogger - Copying 1 resource
2021-07-27 15:49:37,305 [Worker-20: Building] INFO  o.e.m.c.i.embedder.EclipseLogger - Copying 0 resource
2021-07-27 15:49:37,307 [Worker-20: Building] INFO  o.e.m.c.i.embedder.EclipseLogger - Using 'UTF-8' encoding to copy filtered resources.
2021-07-27 15:49:37,307 [Worker-20: Building] INFO  o.e.m.c.i.embedder.EclipseLogger - skip non existing resourceDirectory C:\Users\Admin stagiaire.DESKTOP-8967908\Documents\Dawan-JS\Mise en situation\dwcomparator-api-g2\DaComparator\dacomparator-api\src\test\resources
2021-07-27 16:18:58,896 [Worker-26: Building] INFO  o.e.m.c.i.embedder.EclipseLogger - Using 'UTF-8' encoding to copy filtered resources.
2021-07-27 16:18:58,897 [Worker-26: Building] INFO  o.e.m.c.i.embedder.EclipseLogger - Copying 1 resource
2021-07-27 16:18:58,899 [Worker-26: Building] INFO  o.e.m.c.i.embedder.EclipseLogger - Copying 0 resource
2021-07-27 16:18:58,902 [Worker-26: Building] INFO  o.e.m.c.i.embedder.EclipseLogger - Using 'UTF-8' encoding to copy filtered resources.
2021-07-27 16:18:58,902 [Worker-26: Building] INFO  o.e.m.c.i.embedder.EclipseLogger - skip non existing resourceDirectory C:\Users\Admin stagiaire.DESKTOP-8967908\Documents\Dawan-JS\Mise en situation\dwcomparator-api-g2\DaComparator\dacomparator-api\src\test\resources
2021-07-27 16:19:00,202 [Worker-27: Building] INFO  o.e.m.c.i.embedder.EclipseLogger - Using 'UTF-8' encoding to copy filtered resources.
2021-07-27 16:19:00,203 [Worker-27: Building] INFO  o.e.m.c.i.embedder.EclipseLogger - Copying 1 resource
2021-07-27 16:19:00,205 [Worker-27: Building] INFO  o.e.m.c.i.embedder.EclipseLogger - Copying 0 resource
2021-07-27 16:19:00,209 [Worker-27: Building] INFO  o.e.m.c.i.embedder.EclipseLogger - Using 'UTF-8' encoding to copy filtered resources.
2021-07-27 16:19:00,209 [Worker-27: Building] INFO  o.e.m.c.i.embedder.EclipseLogger - skip non existing resourceDirectory C:\Users\Admin stagiaire.DESKTOP-8967908\Documents\Dawan-JS\Mise en situation\dwcomparator-api-g2\DaComparator\dacomparator-api\src\test\resources
2021-07-28 10:48:31,469 [Worker-65: Building] ERROR o.e.m.c.i.URLConnectionCaches - Unexpected URLConnection defaultUseCaches enabled
2021-07-28 10:48:31,489 [Worker-65: Building] INFO  o.e.m.c.i.embedder.EclipseLogger - Using 'UTF-8' encoding to copy filtered resources.
2021-07-28 10:48:31,490 [Worker-65: Building] INFO  o.e.m.c.i.embedder.EclipseLogger - Copying 1 resource
2021-07-28 10:48:31,493 [Worker-65: Building] INFO  o.e.m.c.i.embedder.EclipseLogger - Copying 0 resource
2021-07-28 10:48:31,496 [Worker-65: Building] INFO  o.e.m.c.i.embedder.EclipseLogger - Using 'UTF-8' encoding to copy filtered resources.
2021-07-28 10:48:31,496 [Worker-65: Building] INFO  o.e.m.c.i.embedder.EclipseLogger - skip non existing resourceDirectory C:\Users\Admin stagiaire.DESKTOP-8967908\Documents\Dawan-JS\Mise en situation\dwcomparator-api-g2\DaComparator\dacomparator-api\src\test\resources
2021-07-28 10:50:48,306 [Worker-64: Building] ERROR o.e.m.c.i.URLConnectionCaches - Unexpected URLConnection defaultUseCaches enabled
2021-07-28 10:50:48,311 [Worker-64: Building] INFO  o.e.m.c.i.embedder.EclipseLogger - Using 'UTF-8' encoding to copy filtered resources.
2021-07-28 10:50:48,312 [Worker-64: Building] INFO  o.e.m.c.i.embedder.EclipseLogger - Copying 1 resource
2021-07-28 10:50:48,315 [Worker-64: Building] INFO  o.e.m.c.i.embedder.EclipseLogger - Copying 0 resource
2021-07-28 10:50:48,318 [Worker-64: Building] INFO  o.e.m.c.i.embedder.EclipseLogger - Using 'UTF-8' encoding to copy filtered resources.
2021-07-28 10:50:48,319 [Worker-64: Building] INFO  o.e.m.c.i.embedder.EclipseLogger - skip non existing resourceDirectory C:\Users\Admin stagiaire.DESKTOP-8967908\Documents\Dawan-JS\Mise en situation\dwcomparator-api-g2\DaComparator\dacomparator-api\src\test\resources
2021-07-28 10:50:49,639 [Worker-66: Building] ERROR o.e.m.c.i.URLConnectionCaches - Unexpected URLConnection defaultUseCaches enabled
2021-07-28 10:50:49,642 [Worker-66: Building] INFO  o.e.m.c.i.embedder.EclipseLogger - Using 'UTF-8' encoding to copy filtered resources.
2021-07-28 10:50:49,643 [Worker-66: Building] INFO  o.e.m.c.i.embedder.EclipseLogger - Copying 1 resource
2021-07-28 10:50:49,645 [Worker-66: Building] INFO  o.e.m.c.i.embedder.EclipseLogger - Copying 0 resource
2021-07-28 10:50:49,649 [Worker-66: Building] INFO  o.e.m.c.i.embedder.EclipseLogger - Using 'UTF-8' encoding to copy filtered resources.
2021-07-28 10:50:49,649 [Worker-66: Building] INFO  o.e.m.c.i.embedder.EclipseLogger - skip non existing resourceDirectory C:\Users\Admin stagiaire.DESKTOP-8967908\Documents\Dawan-JS\Mise en situation\dwcomparator-api-g2\DaComparator\dacomparator-api\src\test\resources
2021-07-28 10:51:01,541 [Worker-66: Building] ERROR o.e.m.c.i.URLConnectionCaches - Unexpected URLConnection defaultUseCaches enabled
2021-07-28 10:51:01,545 [Worker-66: Building] INFO  o.e.m.c.i.embedder.EclipseLogger - Using 'UTF-8' encoding to copy filtered resources.
2021-07-28 10:51:01,545 [Worker-66: Building] INFO  o.e.m.c.i.embedder.EclipseLogger - Copying 1 resource
2021-07-28 10:51:01,548 [Worker-66: Building] INFO  o.e.m.c.i.embedder.EclipseLogger - Copying 0 resource
2021-07-28 10:51:01,550 [Worker-66: Building] INFO  o.e.m.c.i.embedder.EclipseLogger - Using 'UTF-8' encoding to copy filtered resources.
2021-07-28 10:51:01,550 [Worker-66: Building] INFO  o.e.m.c.i.embedder.EclipseLogger - skip non existing resourceDirectory C:\Users\Admin stagiaire.DESKTOP-8967908\Documents\Dawan-JS\Mise en situation\dwcomparator-api-g2\DaComparator\dacomparator-api\src\test\resources
2021-07-28 10:51:03,829 [Worker-49: Building] ERROR o.e.m.c.i.URLConnectionCaches - Unexpected URLConnection defaultUseCaches enabled
2021-07-28 10:51:03,832 [Worker-49: Building] INFO  o.e.m.c.i.embedder.EclipseLogger - Using 'UTF-8' encoding to copy filtered resources.
2021-07-28 10:51:03,832 [Worker-49: Building] INFO  o.e.m.c.i.embedder.EclipseLogger - Copying 1 resource
2021-07-28 10:51:03,834 [Worker-49: Building] INFO  o.e.m.c.i.embedder.EclipseLogger - Copying 0 resource
2021-07-28 10:51:03,836 [Worker-49: Building] INFO  o.e.m.c.i.embedder.EclipseLogger - Using 'UTF-8' encoding to copy filtered resources.
2021-07-28 10:51:03,836 [Worker-49: Building] INFO  o.e.m.c.i.embedder.EclipseLogger - skip non existing resourceDirectory C:\Users\Admin stagiaire.DESKTOP-8967908\Documents\Dawan-JS\Mise en situation\dwcomparator-api-g2\DaComparator\dacomparator-api\src\test\resources
2021-07-28 11:35:12,986 [Worker-67: Building] ERROR o.e.m.c.i.URLConnectionCaches - Unexpected URLConnection defaultUseCaches enabled
2021-07-28 11:35:12,990 [Worker-67: Building] INFO  o.e.m.c.i.embedder.EclipseLogger - Using 'UTF-8' encoding to copy filtered resources.
2021-07-28 11:35:12,991 [Worker-67: Building] INFO  o.e.m.c.i.embedder.EclipseLogger - Copying 1 resource
2021-07-28 11:35:12,994 [Worker-67: Building] INFO  o.e.m.c.i.embedder.EclipseLogger - Copying 0 resource
2021-07-28 11:35:12,996 [Worker-67: Building] INFO  o.e.m.c.i.embedder.EclipseLogger - Using 'UTF-8' encoding to copy filtered resources.
2021-07-28 11:35:12,996 [Worker-67: Building] INFO  o.e.m.c.i.embedder.EclipseLogger - skip non existing resourceDirectory C:\Users\Admin stagiaire.DESKTOP-8967908\Documents\Dawan-JS\Mise en situation\dwcomparator-api-g2\DaComparator\dacomparator-api\src\test\resources
2021-07-28 13:59:36,298 [Worker-2: Loading available Gradle versions] INFO  o.e.b.c.i.u.g.PublishedGradleVersions - Gradle version information cache is up-to-date. Trying to read.
2021-07-28 14:19:58,803 [Worker-1: Loading available Gradle versions] INFO  o.e.b.c.i.u.g.PublishedGradleVersions - Gradle version information cache is up-to-date. Trying to read.
2021-07-28 14:21:56,772 [Worker-5: Building] INFO  o.e.m.c.i.embedder.EclipseLogger - Using 'UTF-8' encoding to copy filtered resources.
2021-07-28 14:21:56,777 [Worker-5: Building] INFO  o.e.m.c.i.embedder.EclipseLogger - Copying 1 resource
2021-07-28 14:21:56,809 [Worker-5: Building] INFO  o.e.m.c.i.embedder.EclipseLogger - Copying 0 resource
2021-07-28 14:21:56,814 [Worker-5: Building] INFO  o.e.m.c.i.embedder.EclipseLogger - Using 'UTF-8' encoding to copy filtered resources.
2021-07-28 14:21:56,814 [Worker-5: Building] INFO  o.e.m.c.i.embedder.EclipseLogger - skip non existing resourceDirectory C:\Users\Admin stagiaire.DESKTOP-8967908\Documents\Dawan-JS\Mise en situation\dwcomparator-api-g2\DaComparator\dacomparator-api\src\test\resources
